2026-03-04 16:54:51,433 [INFO] Loaded 1 affiliate link(s): ['shopify']
2026-03-04 16:54:51,433 [INFO] ============================================================
2026-03-04 16:54:51,433 [INFO] Smart AI Growth Hub — Content Pipeline Generator
2026-03-04 16:54:51,434 [INFO] Run started: 2026-03-04T16:54:51.434057
2026-03-04 16:54:51,434 [INFO] ============================================================
2026-03-04 16:54:51,434 [INFO] Loaded 5 rows from C:\Users\ABHVe\claudeapp\smart-ai-growth-hub\keywords\keywords.csv
2026-03-04 16:54:51,434 [INFO] Skipping 'Best AI tools for Shopify beginners 2026' (Status=GENERATED)
2026-03-04 16:54:51,435 [INFO] Skipping 'How to automate Shopify with AI step by step' (Status=GENERATED)
2026-03-04 16:54:51,435 [INFO] Processing: 'Best AI tools for dropshipping product research'
2026-03-04 16:54:51,436 [INFO] HTML saved to C:\Users\ABHVe\claudeapp\smart-ai-growth-hub\outputs\blog_html\6-best-ai-tools-for-dropshipping-product-research-in-2026.html (~1630 words in raw HTML)
2026-03-04 16:54:51,437 [INFO] Pinterest CSV written to C:\Users\ABHVe\claudeapp\smart-ai-growth-hub\outputs\pinterest_csv\6-best-ai-tools-for-dropshipping-product-research-in-2026_pins.csv
2026-03-04 16:54:51,437 [INFO] Done: 'Best AI tools for dropshipping product research' → 6-best-ai-tools-for-dropshipping-product-research-in-2026
2026-03-04 16:54:51,437 [INFO] Skipping 'AI tools for ecommerce beginners under $50' (Status=GENERATED)
2026-03-04 16:54:51,437 [INFO] Skipping 'How to start a Shopify store using AI' (Status=GENERATED)
2026-03-04 16:54:51,438 [INFO] Updated CSV written to C:\Users\ABHVe\claudeapp\smart-ai-growth-hub\keywords\keywords.csv
2026-03-04 16:54:51,438 [INFO] ============================================================
2026-03-04 16:54:51,438 [INFO] Run complete. Processed: 1 NEW | Generated: 5
2026-03-04 16:54:51,438 [INFO] Blog HTML   → C:\Users\ABHVe\claudeapp\smart-ai-growth-hub\outputs\blog_html
2026-03-04 16:54:51,438 [INFO] Pinterest   → C:\Users\ABHVe\claudeapp\smart-ai-growth-hub\outputs\pinterest_csv
2026-03-04 16:54:51,438 [INFO] Log file    → C:\Users\ABHVe\claudeapp\smart-ai-growth-hub\outputs\logs\run_20260304_165451.log
2026-03-04 16:54:51,438 [INFO] ============================================================
